{
  "RSpec": {
    "coverage": {
      "D:/Book-Store-App/BookStore_Backend/app/helpers/api/v1/books_helper.rb": {
        "lines": [
          1,
          null
        ]
      },
      "D:/Book-Store-App/BookStore_Backend/app/helpers/api/v1/carts_helper.rb": {
        "lines": [
          1,
          null
        ]
      },
      "D:/Book-Store-App/BookStore_Backend/app/helpers/api/v1/github_auth_helper.rb": {
        "lines": [
          1,
          null
        ]
      },
      "D:/Book-Store-App/BookStore_Backend/app/helpers/api/v1/reviews_helper.rb": {
        "lines": [
          1,
          null
        ]
      },
      "D:/Book-Store-App/BookStore_Backend/app/helpers/api/v1/sessions_helper.rb": {
        "lines": [
          1,
          null
        ]
      },
      "D:/Book-Store-App/BookStore_Backend/app/helpers/api/v1/users_helper.rb": {
        "lines": [
          1,
          null
        ]
      },
      "D:/Book-Store-App/BookStore_Backend/app/helpers/api/v1/wishlists_helper.rb": {
        "lines": [
          1,
          null
        ]
      },
      "D:/Book-Store-App/BookStore_Backend/app/helpers/application_helper.rb": {
        "lines": [
          1,
          null
        ]
      },
      "D:/Book-Store-App/BookStore_Backend/app/controllers/api/v1/books_controller.rb": {
        "lines": [
          1,
          1,
          1,
          1,
          null,
          1,
          5,
          5,
          5,
          null,
          5,
          null,
          null,
          null,
          null,
          null,
          null,
          null,
          null,
          null,
          null,
          null,
          null,
          1,
          4,
          4,
          1,
          null,
          3,
          null,
          null,
          null,
          4,
          null,
          null,
          null,
          null,
          null,
          1,
          4,
          null,
          4,
          1,
          null,
          null,
          3,
          null,
          null,
          null,
          14,
          3,
          null,
          null,
          1,
          null,
          7,
          2,
          null,
          5,
          null,
          null,
          7,
          3,
          null,
          4,
          null,
          null,
          null,
          1,
          2,
          2,
          null,
          null,
          null,
          null,
          null,
          null,
          null,
          null,
          null,
          null,
          0,
          null,
          null,
          null,
          1,
          null,
          3,
          3,
          2,
          null,
          1,
          null,
          null,
          null,
          1,
          null,
          2,
          2,
          null,
          null,
          1,
          null,
          2,
          2,
          null,
          null,
          1,
          0,
          0,
          null,
          null,
          null,
          null,
          null,
          1,
          null,
          1,
          14,
          14,
          null,
          null,
          1,
          8,
          null,
          null,
          null,
          null
        ]
      },
      "D:/Book-Store-App/BookStore_Backend/app/controllers/application_controller.rb": {
        "lines": [
          1,
          1,
          null,
          1,
          null,
          1,
          null,
          1,
          63,
          null,
          63,
          13,
          13,
          13,
          null,
          null,
          50,
          null,
          50,
          1,
          1,
          1,
          null,
          null,
          49,
          null,
          49,
          1,
          1,
          1,
          null,
          null,
          48,
          null,
          0,
          0,
          null,
          null,
          null,
          1,
          15,
          1,
          1,
          1,
          null,
          14,
          14,
          null,
          null
        ]
      },
      "D:/Book-Store-App/BookStore_Backend/app/controllers/api/v1/carts_controller.rb": {
        "lines": [
          1,
          1,
          1,
          1,
          null,
          1,
          7,
          7,
          null,
          7,
          null,
          5,
          5,
          null,
          null,
          1,
          3,
          null,
          3,
          5,
          null,
          3,
          null,
          null,
          null,
          null,
          null,
          null,
          1,
          3,
          3,
          3,
          null,
          null,
          1,
          3,
          3,
          null,
          null,
          1,
          5,
          5,
          5,
          null,
          3,
          3,
          null,
          null,
          1,
          null,
          1,
          27,
          27,
          5,
          null,
          null,
          22,
          22,
          null,
          21,
          21,
          null,
          0,
          null,
          null,
          null,
          1,
          27,
          null,
          null,
          1,
          12,
          null,
          null,
          null,
          null
        ]
      },
      "D:/Book-Store-App/BookStore_Backend/app/controllers/api/v1/reviews_controller.rb": {
        "lines": [
          1,
          1,
          1,
          1,
          null,
          1,
          0,
          null,
          0,
          0,
          null,
          0,
          null,
          null,
          null,
          1,
          0,
          0,
          null,
          null,
          1,
          0,
          null,
          null,
          1,
          0,
          null,
          0,
          0,
          null,
          0,
          null,
          null,
          null,
          1,
          null,
          1,
          0,
          null,
          null,
          1,
          0,
          0,
          null,
          null,
          1,
          0,
          null,
          null,
          1,
          0,
          null,
          null
        ]
      },
      "D:/Book-Store-App/BookStore_Backend/app/controllers/api/v1/users_controller.rb": {
        "lines": [
          1,
          1,
          null,
          1,
          6,
          0,
          null,
          null,
          6,
          1,
          null,
          null,
          null,
          null,
          null,
          null,
          5,
          5,
          5,
          null,
          5,
          3,
          1,
          null,
          2,
          1,
          null,
          1,
          null,
          null,
          3,
          3,
          3,
          1,
          null,
          null,
          null,
          null,
          null,
          null,
          null,
          null,
          1,
          1,
          null,
          null,
          null,
          null,
          null,
          null,
          1,
          1,
          null,
          null,
          null,
          1,
          null,
          1,
          null,
          null,
          4,
          null,
          1,
          0,
          null,
          null,
          null,
          null,
          null,
          null,
          null,
          null,
          1,
          null,
          null,
          null,
          null,
          null,
          null,
          1,
          5,
          5,
          1,
          null,
          null,
          null,
          null,
          4,
          null,
          null,
          null,
          1,
          4,
          4,
          1,
          null,
          null,
          null,
          null,
          null,
          null,
          3,
          null,
          null,
          null,
          1,
          2,
          2,
          1,
          null,
          1,
          null,
          null,
          null,
          1,
          4,
          4,
          1,
          null,
          3,
          null,
          null,
          null,
          1,
          null,
          1,
          5,
          null,
          null,
          1,
          13,
          null,
          null
        ]
      },
      "D:/Book-Store-App/BookStore_Backend/app/models/address.rb": {
        "lines": [
          1,
          1,
          null,
          1,
          1,
          1,
          null,
          1,
          null,
          1,
          null,
          1,
          9,
          2,
          null,
          null,
          null
        ]
      },
      "D:/Book-Store-App/BookStore_Backend/app/models/application_record.rb": {
        "lines": [
          1,
          1,
          null
        ]
      },
      "D:/Book-Store-App/BookStore_Backend/app/models/book.rb": {
        "lines": [
          1,
          1,
          1,
          1,
          1,
          1,
          1,
          1,
          1,
          null,
          null,
          null,
          null,
          1,
          60,
          null,
          null,
          1,
          287,
          287,
          null,
          null,
          1,
          60,
          null,
          null,
          null,
          null
        ]
      },
      "D:/Book-Store-App/BookStore_Backend/app/models/cart.rb": {
        "lines": [
          1,
          1,
          1,
          null,
          1,
          1,
          1,
          null,
          21,
          null,
          1,
          null,
          1,
          68,
          null,
          55,
          1,
          1,
          null,
          null,
          null
        ]
      },
      "D:/Book-Store-App/BookStore_Backend/app/models/oauth_state.rb": {
        "lines": [
          1,
          1,
          1,
          null,
          1,
          0,
          null,
          null
        ]
      },
      "D:/Book-Store-App/BookStore_Backend/app/models/order.rb": {
        "lines": [
          1,
          1,
          1,
          1,
          null,
          1,
          1,
          1,
          null,
          1,
          null,
          null,
          1,
          57,
          null,
          null
        ]
      },
      "D:/Book-Store-App/BookStore_Backend/app/services/address_service.rb": {
        "lines": [
          1,
          1,
          null,
          1,
          3,
          3,
          null,
          3,
          2,
          null,
          1,
          1,
          1,
          null,
          null,
          3,
          null,
          null,
          1,
          7,
          7,
          2,
          2,
          2,
          null,
          5,
          5,
          null,
          null,
          null,
          1,
          7,
          3,
          null,
          null,
          4,
          2,
          2,
          2,
          null,
          2,
          2,
          null,
          null,
          null,
          1,
          3,
          2,
          2,
          2,
          null,
          1,
          1,
          null,
          null,
          null
        ]
      },
      "D:/Book-Store-App/BookStore_Backend/app/services/books_service.rb": {
        "lines": [
          1,
          1,
          1,
          null,
          null,
          1,
          null,
          null,
          null,
          null,
          null,
          1,
          24,
          null,
          24,
          21,
          null,
          null,
          21,
          null,
          null,
          21,
          null,
          0,
          null,
          0,
          null,
          0,
          null,
          null,
          null,
          null,
          null,
          21,
          null,
          null,
          21,
          null,
          null,
          21,
          null,
          null,
          null,
          null,
          null,
          null,
          null,
          null,
          null,
          null,
          21,
          21,
          null,
          3,
          3,
          null,
          null,
          24,
          null,
          null,
          1,
          5,
          0,
          null,
          5,
          null,
          null,
          null,
          1,
          7,
          null,
          7,
          3,
          3,
          3,
          null,
          4,
          null,
          null,
          null,
          1,
          3,
          3,
          null,
          3,
          2,
          null,
          null,
          null,
          null,
          null,
          null,
          null,
          null,
          null,
          null,
          null,
          null,
          2,
          null,
          null,
          3,
          2,
          2,
          2,
          null,
          1,
          null,
          null,
          null,
          1,
          4,
          3,
          3,
          3,
          null,
          1,
          null,
          null,
          null,
          1,
          3,
          3,
          3,
          3,
          null,
          null,
          1,
          3,
          3,
          3,
          3,
          null,
          null,
          1,
          null,
          1,
          16,
          34,
          16,
          null,
          null
        ]
      },
      "D:/Book-Store-App/BookStore_Backend/app/services/cart_service.rb": {
        "lines": [
          1,
          1,
          25,
          null,
          null,
          1,
          9,
          null,
          7,
          null,
          null,
          7,
          5,
          null,
          4,
          4,
          4,
          null,
          4,
          4,
          null,
          0,
          null,
          null,
          null,
          1,
          6,
          null,
          4,
          4,
          null,
          3,
          3,
          3,
          null,
          2,
          2,
          null,
          0,
          null,
          null,
          null,
          1,
          5,
          null,
          5,
          5,
          null,
          3,
          3,
          null,
          3,
          null,
          null,
          1,
          4,
          null,
          4,
          9,
          9,
          null,
          9,
          9,
          null,
          null,
          9,
          null,
          null,
          null,
          null,
          null,
          null,
          null,
          null,
          null,
          null,
          null,
          4,
          null,
          9,
          null,
          null,
          null,
          null,
          null,
          null,
          null,
          null,
          1,
          1,
          1,
          null,
          null
        ]
      },
      "D:/Book-Store-App/BookStore_Backend/app/services/github_auth_service.rb": {
        "lines": [
          1,
          1,
          null,
          1,
          1,
          null,
          1,
          1,
          1,
          1,
          null,
          1,
          1,
          1,
          1,
          1,
          null,
          1,
          0,
          0,
          0,
          0,
          0,
          null,
          null,
          1,
          0,
          0,
          0,
          0,
          0,
          null,
          0,
          null,
          null,
          null,
          null,
          null,
          null,
          null,
          0,
          0,
          null,
          null,
          null,
          null,
          null,
          0,
          0,
          null,
          null,
          null,
          null,
          null,
          null,
          1,
          null,
          1,
          0,
          0,
          null,
          null,
          1,
          0,
          0,
          0,
          0,
          0,
          0,
          null,
          null,
          null,
          null,
          null,
          null,
          0,
          0,
          0,
          null,
          0,
          null,
          null,
          1,
          0,
          null,
          0,
          0,
          0,
          null,
          0,
          0,
          null,
          0,
          0,
          0,
          null,
          null,
          null,
          1,
          0,
          0,
          null,
          0,
          0,
          0,
          0,
          null,
          0,
          null,
          null,
          1,
          0,
          0,
          0,
          0,
          null,
          0,
          0,
          null,
          null,
          0,
          0,
          null,
          null,
          0,
          null,
          null,
          1,
          0,
          null,
          null,
          1,
          0,
          0,
          0,
          null,
          0,
          0,
          0,
          null,
          null,
          0,
          0,
          0,
          0,
          0,
          null,
          null,
          0,
          0,
          null,
          0,
          0,
          null,
          0,
          0,
          null,
          null,
          1,
          0,
          null,
          null,
          null,
          null,
          null,
          0,
          0,
          0,
          0,
          null,
          null,
          1,
          0,
          null,
          null,
          null,
          null,
          null,
          0,
          null,
          null,
          null,
          null,
          null,
          0,
          null,
          0,
          null,
          null,
          1,
          0,
          0,
          null,
          0,
          0,
          null,
          null,
          1,
          0,
          0,
          0,
          0,
          null,
          null
        ]
      },
      "D:/Book-Store-App/BookStore_Backend/app/services/google_auth_service.rb": {
        "lines": [
          1,
          1,
          null,
          1,
          1,
          null,
          1,
          null,
          1,
          6,
          null,
          null,
          1,
          6,
          6,
          null,
          6,
          6,
          null,
          null,
          6,
          6,
          6,
          6,
          null,
          6,
          5,
          0,
          null,
          null,
          5,
          5,
          0,
          0,
          null,
          null,
          5,
          5,
          5,
          5,
          0,
          0,
          null,
          null,
          5,
          null,
          1,
          null,
          null,
          0,
          0,
          null,
          0,
          0,
          null,
          null,
          null,
          1,
          null,
          1,
          5,
          5,
          3,
          3,
          null,
          2,
          null,
          null,
          null,
          null,
          null,
          null,
          2,
          2,
          2,
          null,
          5,
          null,
          null,
          1,
          5,
          5,
          5,
          5,
          null,
          5,
          5,
          null,
          5,
          5,
          null,
          5,
          null,
          null
        ]
      },
      "D:/Book-Store-App/BookStore_Backend/app/services/orders_service.rb": {
        "lines": [
          1,
          1,
          0,
          0,
          null,
          null,
          1,
          1,
          1,
          null,
          1,
          0,
          null,
          null,
          1,
          1,
          null,
          1,
          1,
          1,
          1,
          1,
          null,
          0,
          null,
          null,
          null,
          1,
          1,
          null,
          null,
          1,
          null,
          8,
          null,
          7,
          7,
          null,
          6,
          6,
          null,
          0,
          0,
          0,
          0,
          null,
          0,
          null,
          null,
          null,
          null,
          null,
          null,
          null,
          null,
          0,
          0,
          null,
          0,
          null,
          null,
          null,
          null,
          0,
          null,
          null,
          0,
          0,
          null,
          null,
          1,
          3,
          3,
          2,
          null,
          null,
          1,
          2,
          2,
          null,
          2,
          1,
          null,
          null,
          1,
          1,
          1,
          null,
          null,
          1,
          4,
          4,
          null,
          2,
          2,
          null,
          2,
          2,
          null,
          null,
          1,
          null,
          1,
          1,
          1,
          null,
          1,
          null,
          null,
          null,
          null,
          null,
          null,
          null,
          null,
          null
        ]
      },
      "D:/Book-Store-App/BookStore_Backend/app/services/password_service.rb": {
        "lines": [
          1,
          1,
          1,
          null,
          1,
          6,
          6,
          null,
          3,
          3,
          null,
          3,
          3,
          null,
          null,
          null,
          null,
          3,
          null,
          null,
          1,
          11,
          11,
          null,
          11,
          11,
          9,
          6,
          null,
          3,
          3,
          3,
          3,
          null,
          0,
          null,
          null,
          null,
          1,
          null,
          1,
          3,
          null,
          null
        ]
      },
      "D:/Book-Store-App/BookStore_Backend/app/services/review_service.rb": {
        "lines": [
          1,
          1,
          3,
          3,
          1,
          1,
          null,
          2,
          null,
          null,
          null,
          1,
          3,
          null,
          2,
          null,
          null,
          null,
          null,
          null,
          null,
          null,
          null,
          null,
          null,
          null,
          1,
          2,
          null,
          null,
          1,
          2,
          2,
          null,
          1,
          1,
          1,
          null,
          null
        ]
      },
      "D:/Book-Store-App/BookStore_Backend/app/services/user_service.rb": {
        "lines": [
          1,
          null,
          1,
          1,
          27,
          null,
          null,
          null,
          1,
          15,
          12,
          12,
          3,
          3,
          3,
          null,
          9,
          9,
          null,
          null,
          3,
          3,
          null,
          null,
          1,
          12,
          12,
          9,
          null,
          9,
          null,
          null,
          9,
          0,
          0,
          null,
          null,
          null,
          null,
          null,
          null,
          0,
          0,
          null,
          0,
          0,
          null,
          null,
          null,
          null,
          9,
          3,
          3,
          null,
          3,
          null,
          3,
          null,
          3,
          3,
          null,
          6,
          6,
          null,
          null,
          3,
          3,
          null,
          null,
          1,
          0,
          0,
          0,
          0,
          0,
          0,
          0,
          null,
          0,
          null,
          null,
          0,
          null,
          null,
          0,
          0,
          null,
          null,
          1,
          null,
          0,
          null,
          null,
          null,
          null,
          null,
          null,
          1,
          0,
          0,
          null,
          0,
          null,
          null,
          null
        ]
      },
      "D:/Book-Store-App/BookStore_Backend/app/services/wishlist_service.rb": {
        "lines": [
          1,
          1,
          7,
          null,
          null,
          1,
          0,
          0,
          0,
          null,
          null,
          0,
          null,
          null,
          null,
          null,
          null,
          null,
          null,
          null,
          null,
          0,
          null,
          null,
          1,
          7,
          null,
          6,
          6,
          null,
          5,
          null,
          5,
          3,
          3,
          null,
          2,
          2,
          null,
          null,
          null,
          1,
          null,
          null,
          null,
          null,
          2,
          2,
          1,
          null,
          1,
          null,
          null,
          null,
          null
        ]
      },
      "D:/Book-Store-App/BookStore_Backend/app/models/user.rb": {
        "lines": [
          null,
          null,
          null,
          null,
          null,
          null,
          null,
          null,
          null,
          null,
          null,
          null,
          null,
          null,
          null,
          null,
          null,
          null,
          null,
          null,
          null,
          null,
          null,
          null,
          null,
          null,
          1,
          1,
          1,
          1,
          1,
          1,
          1,
          null,
          1,
          1,
          1,
          1,
          1,
          1,
          1,
          null,
          1,
          null,
          1,
          1165,
          null,
          null
        ]
      },
      "D:/Book-Store-App/BookStore_Backend/app/models/review.rb": {
        "lines": [
          1,
          1,
          1,
          1,
          1,
          null
        ]
      },
      "D:/Book-Store-App/BookStore_Backend/app/services/jwt_service.rb": {
        "lines": [
          1,
          null,
          1,
          1,
          1,
          null,
          1,
          80,
          80,
          80,
          null,
          null,
          1,
          2,
          2,
          2,
          null,
          null,
          1,
          72,
          70,
          null,
          0,
          0,
          null,
          2,
          2,
          null,
          null,
          1,
          0,
          0,
          null,
          0,
          0,
          null,
          0,
          0,
          null,
          null
        ]
      },
      "D:/Book-Store-App/BookStore_Backend/app/services/email_producer.rb": {
        "lines": [
          1,
          1,
          10,
          null,
          null,
          null,
          null,
          10,
          null,
          0,
          0,
          0,
          null,
          null
        ]
      },
      "D:/Book-Store-App/BookStore_Backend/app/controllers/api/v1/github_auth_controller.rb": {
        "lines": [
          1,
          1,
          1,
          1,
          null,
          1,
          0,
          0,
          0,
          null,
          0,
          null,
          null,
          null,
          null,
          null,
          null,
          null,
          0,
          null,
          null,
          1,
          2,
          1,
          1,
          null,
          null,
          1,
          1,
          1,
          1,
          null,
          null,
          0,
          0,
          0,
          0,
          null,
          null,
          0,
          0,
          null,
          0,
          0,
          0,
          0,
          null,
          0,
          0,
          null,
          null,
          null,
          null,
          0,
          0,
          null,
          0,
          0,
          null,
          null,
          1,
          null,
          1,
          0,
          null,
          null,
          1,
          null,
          0,
          null,
          null,
          null,
          null,
          null,
          null,
          null,
          null,
          null,
          null,
          null,
          null,
          null,
          null,
          null,
          null,
          null,
          null
        ]
      },
      "D:/Book-Store-App/BookStore_Backend/app/mailers/user_mailer.rb": {
        "lines": [
          1,
          1,
          null,
          1,
          0,
          0,
          0,
          0,
          null,
          null,
          1,
          0,
          0,
          0,
          null,
          null,
          1,
          0,
          0,
          0,
          0,
          null,
          null,
          1,
          0,
          0,
          0,
          null,
          null,
          1,
          0,
          0,
          0,
          0,
          null,
          null
        ]
      },
      "D:/Book-Store-App/BookStore_Backend/app/mailers/application_mailer.rb": {
        "lines": [
          1,
          1,
          1,
          null
        ]
      },
      "D:/Book-Store-App/BookStore_Backend/app/models/wishlist.rb": {
        "lines": [
          1,
          1,
          1,
          null,
          1,
          1,
          null
        ]
      },
      "D:/Book-Store-App/BookStore_Backend/app/controllers/api/v1/google_auth_controller.rb": {
        "lines": [
          1,
          1,
          1,
          1,
          null,
          1,
          2,
          null,
          2,
          2,
          null,
          null,
          null,
          null,
          null,
          null,
          null,
          0,
          null,
          null,
          null,
          null,
          null,
          null
        ]
      },
      "D:/Book-Store-App/BookStore_Backend/app/controllers/api/v1/orders_controller.rb": {
        "lines": [
          1,
          1,
          1,
          1,
          1,
          null,
          1,
          0,
          0,
          null,
          null,
          1,
          3,
          1,
          2,
          2,
          null,
          0,
          null,
          null,
          3,
          1,
          null,
          2,
          null,
          null,
          null,
          1,
          1,
          1,
          1,
          null,
          0,
          null,
          null,
          null,
          1,
          0,
          0,
          0,
          0,
          null,
          0,
          null,
          null,
          null,
          1,
          2,
          2,
          2,
          1,
          null,
          1,
          null,
          null,
          null,
          1,
          null,
          1,
          4,
          4,
          1,
          null,
          null,
          null,
          null
        ]
      },
      "D:/Book-Store-App/BookStore_Backend/app/controllers/api/v1/addresses_controller.rb": {
        "lines": [
          1,
          1,
          1,
          1,
          1,
          null,
          1,
          1,
          1,
          1,
          null,
          0,
          null,
          null,
          null,
          1,
          null,
          5,
          5,
          5,
          null,
          0,
          null,
          null,
          null,
          1,
          1,
          1,
          null,
          0,
          null,
          null,
          null,
          1,
          null,
          4,
          4,
          4,
          null,
          0,
          null,
          null,
          null,
          1,
          1,
          1,
          null,
          null,
          1,
          null,
          null,
          1,
          9,
          9,
          3,
          null,
          null,
          null,
          null,
          null,
          1,
          9,
          null,
          null,
          4,
          null,
          null,
          null,
          null
        ]
      },
      "D:/Book-Store-App/BookStore_Backend/app/controllers/api/v1/wishlists_controller.rb": {
        "lines": [
          0,
          0,
          0,
          0,
          0,
          0,
          0,
          0,
          null,
          0,
          0,
          0,
          0,
          0,
          0,
          0,
          0,
          0,
          0,
          0,
          0
        ],
        "branches": {}
      },
      "D:/Book-Store-App/BookStore_Backend/app/jobs/application_job.rb": {
        "lines": [
          0,
          null,
          null,
          null,
          null,
          null,
          0
        ],
        "branches": {}
      },
      "D:/Book-Store-App/BookStore_Backend/app/workers/email_consumer.rb": {
        "lines": [
          0,
          null,
          0,
          0,
          0,
          null,
          0,
          0,
          null,
          0,
          0,
          null,
          0,
          0,
          null,
          0,
          0,
          null,
          null,
          0,
          0,
          null,
          0,
          null,
          0,
          0,
          0,
          0,
          0,
          0,
          0,
          0,
          0,
          0,
          0,
          0,
          0,
          0,
          null,
          0,
          0,
          0,
          0,
          0,
          0,
          0,
          0,
          null,
          0,
          0,
          null,
          0,
          0,
          0,
          0,
          0,
          0,
          0,
          0,
          0,
          0,
          0,
          0,
          0,
          0,
          0,
          0,
          null,
          0,
          0,
          0,
          0,
          0,
          0,
          0
        ],
        "branches": {}
      }
    },
    "timestamp": 1743654609
  }
}
